Method 'SystemVoidCosmosSystemKernelStart', ID = '0'
Method 'SystemVoidCosmosIL2CPURuntimeEngineInitializeApplication', ID = '1'
Method 'SystemVoidCosmosIL2CPURuntimeEngineFinalizeApplicationSystemInt32', ID = '2'
Method 'SystemVoidCosmosIL2CPUVTablesImplSetMethodInfoSystemInt32SystemInt32SystemUInt32SystemUInt32', ID = '3'
Method 'SystemBooleanCosmosIL2CPUVTablesImplIsInstanceSystemUInt32SystemUInt32', ID = '4'
Method 'SystemVoidCosmosIL2CPUVTablesImplSetTypeInfoSystemInt32SystemUInt32SystemUInt32arraySystemUInt32arraySystemUInt32', ID = '5'
Method 'SystemUInt32CosmosIL2CPUVTablesImplGetMethodAddressForTypeSystemUInt32SystemUInt32', ID = '6'
Method 'SystemVoidCosmosIL2CPUExceptionHelperThrowNotImplementedSystemString', ID = '10'
Method 'SystemVoidCosmosIL2CPUExceptionHelperThrowOverflow', ID = '11'
Method 'SystemVoidCosmosIL2CPUExceptionHelperThrowInvalidOperationSystemString', ID = '12'
Method 'SystemVoidCosmosIL2CPUExceptionHelperThrowArgumentOutOfRangeSystemString', ID = '13'
Method 'SystemVoidSystemArrayctor', ID = '15'
Method 'SystemDelegatearraySystemMulticastDelegateGetInvocationList', ID = '16'
Method 'SystemVoid_4X_OSKernelctor', ID = '18'
Method 'SystemVoidCosmosDebugKernelDebuggerSendSystemString', ID = '23'
Method 'SystemVoidCosmosHALBootstrapInit', ID = '27'
Method 'CosmosHALTextScreenBaseCosmosSystemKernelGetTextScreen', ID = '28'
Method 'SystemVoidCosmosSystemGlobalInitCosmosHALTextScreenBase', ID = '29'
Method 'SystemVoidCosmosHALPS2Keyboardctor', ID = '30'
Method 'SystemVoidCosmosSystemKeyboardManagerAddKeyboardCosmosHALKeyboardBase', ID = '31'
Method 'SystemVoidCosmosSystemKernelBeforeRun', ID = '32'
Method 'SystemVoidCosmosHALGlobalEnableInterrupts', ID = '33'
Method 'SystemVoidCosmosSystemKernelAfterRun', ID = '35'
Method 'SystemVoidCosmosIL2CPURuntimeEngineInitializeEngine', ID = '39'
Method 'SystemVoidCosmosIL2CPURuntimeEngineHeap_Initialize', ID = '40'
Method 'SystemVoidCosmosIL2CPURuntimeEngineFinalizeEngine', ID = '42'
Method 'SystemVoidCosmosIL2CPURuntimeEngineExitProcessSystemInt32', ID = '43'
Method 'SystemVoidCosmosIL2CPUVTablesImplDebugAndHaltSystemString', ID = '48'
Method 'SystemVoidCosmosIL2CPUVTablesImplDebugSystemString', ID = '50'
Method 'SystemVoidCosmosIL2CPUVTablesImplDebugHexSystemStringSystemUInt32', ID = '51'
Method 'SystemVoidCosmosDebugKernelPlugsAsmDebuggerSendKernelPanicSystemUInt32', ID = '56'
Method 'SystemVoidCosmosCorePlugsGCImplementionImplIncRefCountSystemUInt32', ID = '62'
Method 'SystemVoidCosmosCorePlugsGCImplementionImplDecRefCountSystemUInt32', ID = '63'
Method 'SystemUInt32CosmosCorePlugsGCImplementionImplAllocNewObjectSystemUInt32', ID = '64'
Method 'SystemVoidSystemNotImplementedExceptionctorSystemString', ID = '66'
Method 'SystemVoidSystemOverflowExceptionctorSystemString', ID = '67'
Method 'SystemVoidSystemInvalidOperationExceptionctorSystemString', ID = '68'
Method 'SystemVoidSystemArgumentOutOfRangeExceptionctorSystemString', ID = '69'
Method 'SystemDelegatearraySystemDelegateGetInvocationList', ID = '74'
Method 'SystemInt32SystemIntPtrop_ExplicitSystemIntPtr', ID = '77'
Method 'SystemVoidCosmosSystemKernelctor', ID = '79'
Method 'SystemVoidCosmosSystemGlobalcctor', ID = '81'
Method 'SystemVoidCosmosCorePlugsSystemExceptionImplCtorSystemString', ID = '85'
Method 'SystemVoidCosmosCoreBootstrapInit', ID = '87'
Method 'SystemVoidCosmosSystemConsolectorCosmosHALTextScreenBase', ID = '89'
Method 'SystemVoidCosmosHALGlobalInitCosmosHALTextScreenBase', ID = '91'
Method 'SystemVoidCosmosSystemGlobalset_NumLockSystemBoolean', ID = '92'
Method 'SystemVoidCosmosSystemGlobalset_CapsLockSystemBoolean', ID = '93'
Method 'SystemVoidCosmosSystemGlobalset_ScrollLockSystemBoolean', ID = '94'
Method 'SystemVoidCosmosHALKeyboardBasector', ID = '99'
Method 'SystemVoidCosmosSystemKeyboardManagerHandleScanCodeSystemByteSystemBoolean', ID = '102'
Method 'SystemVoidCosmosCorePlugsAsmDelegateImplCtorSystemObjectSystemIntPtr', ID = '189'
Method 'SystemVoidSystemCollectionsGenericList1CosmosHALKeyboardBaseAddCosmosHALKeyboardBase', ID = '105'
Method 'SystemVoid_4X_OSKernelBeforeRun', ID = '106'
Method 'SystemVoidCosmosCoreCommonCPUEnableInterrupts', ID = '108'
Method 'SystemVoid_4X_OSKernelRun', ID = '109'
Method 'SystemVoidCosmosSystemPlugsSystemConsoleImplWriteLineSystemString', ID = '111'
Method 'SystemStringSystemValueTypeToString', ID = '112'
Method 'SystemStringSystemStringToString', ID = '113'
Method 'SystemStringSystemBooleanToString', ID = '116'
Method 'SystemStringCosmosCorePlugsSystemObjectImplToString', ID = '118'
Method 'SystemVoidCosmosIL2CPURuntimeEnginecctor', ID = '119'
Method 'SystemVoidCosmosIL2CPUVTablesImplcctor', ID = '120'
Method 'SystemVoidSystemBooleancctor', ID = '121'
Method 'SystemVoidCosmosDebugKernelDebuggerSendNumberSystemUInt32', ID = '123'
Method 'SystemVoidCosmosCommonKernelPanicTypescctor', ID = '124'
Method 'SystemVoidCosmosCoreMemoryOldGlobalSystemInfoEnsureInitialized', ID = '127'
Method 'SystemUInt32CosmosCoreMemoryOldHeapMemAllocSystemUInt32', ID = '128'
Method 'SystemVoidSystemSystemExceptionctorSystemString', ID = '130'
Method 'SystemVoidSystemExceptionSetErrorCodeSystemInt32', ID = '131'
Method 'SystemVoidSystemArithmeticExceptionctorSystemString', ID = '133'
Method 'SystemStringSystemArgumentOutOfRangeExceptionget_RangeMessage', ID = '136'
Method 'SystemVoidSystemArgumentExceptionctorSystemStringSystemString', ID = '137'
Method 'SystemVoidCosmosCorePlugsSystemObjectImplCtor', ID = '138'
Method 'SystemVoidCosmosDebugKernelDebuggerctorSystemStringSystemString', ID = '140'
Method 'SystemVoidCosmosDebugKernelPlugsAsmDebuggerDoSendSystemString', ID = '142'
Method 'SystemVoidSystemExceptioncctor', ID = '143'
Method 'SystemVoidCosmosCoreINTsDummy', ID = '147'
Method 'SystemVoidCosmosCorePICctor', ID = '148'
Method 'SystemVoidCosmosHALTextScreenctor', ID = '156'
Method 'SystemVoidCosmosCoreGlobalInit', ID = '159'
Method 'SystemVoidCosmosHALGlobalInitStaticDevices', ID = '160'
Method 'SystemVoidCosmosHALGlobalInitPciDevices', ID = '161'
Method 'SystemVoidCosmosHALGlobalInitAtaCosmosHALBlockDeviceAtaControllerIdEnumCosmosHALBlockDeviceAtaBusPositionEnum', ID = '162'
Method 'SystemVoidCosmosSystemKeyboardManagerset_NumLockSystemBoolean', ID = '163'
Method 'SystemVoidCosmosSystemKeyboardManagerset_CapsLockSystemBoolean', ID = '164'
Method 'SystemVoidCosmosSystemKeyboardManagerset_ScrollLockSystemBoolean', ID = '165'
Method 'SystemVoidCosmosCoreGlobalcctor', ID = '166'
Method 'SystemVoidCosmosCoreBaseIOGroupscctor', ID = '167'
Method 'SystemVoidCosmosHALDevicector', ID = '168'
Method 'SystemVoidCosmosSystemKeyboardManagercctor', ID = '171'
Method 'SystemBooleanCosmosSystemScanMapBaseScanCodeMatchesKeySystemByteCosmosSystemConsoleKeyEx', ID = '174'
Method 'SystemBooleanCosmosSystemKeyboardManagerget_CapsLock', ID = '175'
Method 'SystemVoidCosmosSystemKeyboardManagerUpdateLeds', ID = '176'
Method 'SystemBooleanCosmosSystemKeyboardManagerget_NumLock', ID = '177'
Method 'SystemBooleanCosmosSystemKeyboardManagerget_ScrollLock', ID = '178'
Method 'SystemVoidCosmosSystemKeyboardManagerset_ControlPressedSystemBoolean', ID = '179'
Method 'SystemVoidCosmosSystemKeyboardManagerset_ShiftPressedSystemBoolean', ID = '180'
Method 'SystemVoidCosmosSystemKeyboardManagerset_AltPressedSystemBoolean', ID = '181'
Method 'SystemBooleanCosmosSystemKeyboardManagerget_ControlPressed', ID = '182'
Method 'SystemBooleanCosmosSystemKeyboardManagerget_AltPressed', ID = '183'
Method 'SystemVoidCosmosSystemConsoleWriteLineSystemString', ID = '184'
Method 'SystemVoidCosmosSystemPowerReboot', ID = '185'
Method 'SystemBooleanCosmosSystemKeyboardManagerGetKeySystemByteCosmosSystemKeyEvent', ID = '186'
Method 'SystemVoidCosmosSystemKeyboardManagerEnqueueCosmosSystemKeyEvent', ID = '187'
Method 'SystemVoidSystemCollectionsGenericList1CosmosHALKeyboardBaseEnsureCapacitySystemInt32', ID = '191'
Method 'SystemVoidCosmosHALGlobalcctor', ID = '192'
Method 'SystemVoidSystemConsolecctor', ID = '198'
Method 'CosmosSystemConsoleCosmosSystemPlugsSystemConsoleImplGetConsole', ID = '200'
Method 'SystemVoidCosmosSystemConsoleWriteSystemString', ID = '201'
Method 'SystemVoidCosmosSystemConsoleNewLine', ID = '202'
Method 'SystemStringCosmosSystemPlugsSystemInt32ImplToString', ID = '204'
Method 'SystemStringCosmosSystemPlugsSystemUInt32ImplToString', ID = '205'
Method 'SystemStringCosmosCorePlugsSystemExceptionImplToString', ID = '206'
Method 'SystemUInt32CosmosCoreMemoryOldGlobalSystemInfoget_TotalDataLookupTableSize', ID = '218'
Method 'SystemBooleanCosmosCoreCommonCPUDisableInterrupts', ID = '222'
Method 'SystemVoidCosmosCoreMemoryOldHeapEnsureIsInitialized', ID = '223'
Method 'CosmosCoreMemoryOldGlobalInformationTablepointerCosmosCoreMemoryOldGlobalSystemInfoget_GlobalInformationTable', ID = '225'
Method 'SystemBooleanCosmosCoreMemoryOldHeapScanDataLookupTableSystemUInt32CosmosCoreMemoryOldDataLookupTablepointerSystemUInt32SystemUInt32', ID = '226'
Method 'CosmosCoreMemoryOldDataLookupEntrypointerCosmosCoreMemoryOldDataLookupTableGetEntrySystemUInt32', ID = '229'
Method 'SystemVoidCosmosCoreMemoryOldHeapClearMemorySystemVoidpointerSystemUInt32', ID = '231'
Method 'SystemVoidSystemExceptionset_HResultSystemInt32', ID = '233'
Method 'SystemVoidCosmosDebugKernelDebuggerset_mSectionSystemString', ID = '239'
Method 'SystemVoidCosmosCoreBootstrapcctor', ID = '241'
Method 'SystemVoidCosmosCoreINTsHandleInterrupt_DefaultCosmosCoreINTsIRQContext', ID = '244'
Method 'SystemVoidCosmosCoreINTsHandleInterrupt_00CosmosCoreINTsIRQContext', ID = '245'
Method 'SystemVoidCosmosCoreINTsHandleInterrupt_01CosmosCoreINTsIRQContext', ID = '246'
Method 'SystemVoidCosmosCoreINTsHandleInterrupt_02CosmosCoreINTsIRQContext', ID = '247'
Method 'SystemVoidCosmosCoreINTsHandleInterrupt_03CosmosCoreINTsIRQContext', ID = '248'
Method 'SystemVoidCosmosCoreINTsHandleInterrupt_04CosmosCoreINTsIRQContext', ID = '249'
Method 'SystemVoidCosmosCoreINTsHandleInterrupt_05CosmosCoreINTsIRQContext', ID = '250'
Method 'SystemVoidCosmosCoreINTsHandleInterrupt_06CosmosCoreINTsIRQContext', ID = '251'
Method 'SystemVoidCosmosCoreINTsHandleInterrupt_07CosmosCoreINTsIRQContext', ID = '252'
Method 'SystemVoidCosmosCoreINTsHandleInterrupt_08CosmosCoreINTsIRQContext', ID = '253'
Method 'SystemVoidCosmosCoreINTsHandleInterrupt_09CosmosCoreINTsIRQContext', ID = '254'
Method 'SystemVoidCosmosCoreINTsHandleInterrupt_0ACosmosCoreINTsIRQContext', ID = '255'
Method 'SystemVoidCosmosCoreINTsHandleInterrupt_0BCosmosCoreINTsIRQContext', ID = '256'
Method 'SystemVoidCosmosCoreINTsHandleInterrupt_0CCosmosCoreINTsIRQContext', ID = '257'
Method 'SystemVoidCosmosCoreINTsHandleInterrupt_0DCosmosCoreINTsIRQContext', ID = '258'
Method 'SystemVoidCosmosCoreINTsHandleInterrupt_0ECosmosCoreINTsIRQContext', ID = '259'
Method 'SystemVoidCosmosCoreINTsHandleInterrupt_0FCosmosCoreINTsIRQContext', ID = '260'
Method 'SystemVoidCosmosCoreINTsHandleInterrupt_10CosmosCoreINTsIRQContext', ID = '261'
Method 'SystemVoidCosmosCoreINTsHandleInterrupt_11CosmosCoreINTsIRQContext', ID = '262'
Method 'SystemVoidCosmosCoreINTsHandleInterrupt_12CosmosCoreINTsIRQContext', ID = '263'
Method 'SystemVoidCosmosCoreINTsHandleInterrupt_13CosmosCoreINTsIRQContext', ID = '264'
Method 'SystemVoidCosmosCoreINTsHandleInterrupt_20CosmosCoreINTsIRQContext', ID = '265'
Method 'SystemVoidCosmosCoreINTsHandleInterrupt_21CosmosCoreINTsIRQContext', ID = '266'
Method 'SystemVoidCosmosCoreINTsHandleInterrupt_22CosmosCoreINTsIRQContext', ID = '267'
Method 'SystemVoidCosmosCoreINTsHandleInterrupt_23CosmosCoreINTsIRQContext', ID = '268'
Method 'SystemVoidCosmosCoreINTsHandleInterrupt_24CosmosCoreINTsIRQContext', ID = '269'
Method 'SystemVoidCosmosCoreINTsHandleInterrupt_25CosmosCoreINTsIRQContext', ID = '270'
Method 'SystemVoidCosmosCoreINTsHandleInterrupt_26CosmosCoreINTsIRQContext', ID = '271'
Method 'SystemVoidCosmosCoreINTsHandleInterrupt_27CosmosCoreINTsIRQContext', ID = '272'
Method 'SystemVoidCosmosCoreINTsHandleInterrupt_28CosmosCoreINTsIRQContext', ID = '273'
Method 'SystemVoidCosmosCoreINTsHandleInterrupt_29CosmosCoreINTsIRQContext', ID = '274'
Method 'SystemVoidCosmosCoreINTsHandleInterrupt_2ACosmosCoreINTsIRQContext', ID = '275'
Method 'SystemVoidCosmosCoreINTsHandleInterrupt_2BCosmosCoreINTsIRQContext', ID = '276'
Method 'SystemVoidCosmosCoreINTsHandleInterrupt_2CCosmosCoreINTsIRQContext', ID = '277'
Method 'SystemVoidCosmosCoreINTsHandleInterrupt_2DCosmosCoreINTsIRQContext', ID = '278'
Method 'SystemVoidCosmosCoreINTsHandleInterrupt_2ECosmosCoreINTsIRQContext', ID = '279'
Method 'SystemVoidCosmosCoreINTsHandleInterrupt_2FCosmosCoreINTsIRQContext', ID = '280'
Method 'SystemVoidCosmosCoreINTsHandleInterrupt_30CosmosCoreINTsIRQContext', ID = '281'
Method 'SystemVoidCosmosCoreINTsHandleInterrupt_35CosmosCoreINTsIRQContext', ID = '282'
Method 'SystemVoidCosmosCoreINTsHandleInterrupt_40CosmosCoreINTsIRQContext', ID = '283'
Method 'SystemVoidCosmosCoreINTsHandleInterrupt_41CosmosCoreINTsIRQContext', ID = '284'
Method 'SystemVoidCosmosCoreINTsHandleInterrupt_42CosmosCoreINTsIRQContext', ID = '285'
Method 'SystemVoidCosmosCoreINTsHandleInterrupt_43CosmosCoreINTsIRQContext', ID = '286'
Method 'SystemVoidCosmosCoreINTsHandleInterrupt_44CosmosCoreINTsIRQContext', ID = '287'
Method 'SystemVoidCosmosCoreINTsHandleInterrupt_45CosmosCoreINTsIRQContext', ID = '288'
Method 'SystemVoidCosmosCoreINTsHandleInterrupt_46CosmosCoreINTsIRQContext', ID = '289'
Method 'SystemVoidCosmosCoreINTsHandleInterrupt_47CosmosCoreINTsIRQContext', ID = '290'
Method 'SystemVoidCosmosCoreINTsHandleInterrupt_48CosmosCoreINTsIRQContext', ID = '291'
Method 'SystemVoidCosmosCoreINTsHandleInterrupt_49CosmosCoreINTsIRQContext', ID = '292'
Method 'SystemVoidCosmosCoreIOGroupPICctorSystemBoolean', ID = '294'
Method 'SystemVoidCosmosCorePICRemapSystemByteSystemByteSystemByteSystemByte', ID = '295'
Method 'SystemVoidCosmosCorePlugsAsmCPUImplUpdateIDTSystemBoolean', ID = '296'
Method 'SystemVoidCosmosCorePlugsAsmCPUImplInitSSE', ID = '297'
Method 'SystemVoidCosmosCorePlugsAsmCPUImplInitFloat', ID = '298'
Method 'SystemVoidCosmosCoreIOGroupTextScreenctor', ID = '300'
Method 'SystemVoidCosmosHALTextScreenBasector', ID = '301'
Method 'SystemVoidCosmosHALPCISetup', ID = '310'
Method 'SystemVoidCosmosHALBlockDeviceAtaPioctorCosmosCoreIOGroupATACosmosHALBlockDeviceAtaControllerIdEnumCosmosHALBlockDeviceAtaBusPositionEnum', ID = '313'
Method 'CosmosHALBlockDeviceAtaPioSpecLevelCosmosHALBlockDeviceAtaPioget_DriveType', ID = '314'
Method 'SystemVoidSystemCollectionsGenericList1CosmosHALBlockDeviceBlockDeviceAddCosmosHALBlockDeviceBlockDevice', ID = '317'
Method 'SystemVoidCosmosHALBlockDeviceMBRctorSystemBytearray', ID = '321'
Method 'SystemVoidCosmosHALBlockDeviceEBRctorSystemBytearray', ID = '323'
Method 'SystemInt32SystemCollectionsGenericList1CosmosHALBlockDeviceEBRPartInfoget_Count', ID = '325'
Method 'SystemInt32SystemCollectionsGenericList1CosmosHALBlockDeviceMBRPartInfoget_Count', ID = '326'
Method 'SystemVoidCosmosDebugKernelDebuggerSendNumberSystemInt32', ID = '327'
Method 'CosmosHALBlockDeviceMBRPartInfoSystemCollectionsGenericList1CosmosHALBlockDeviceMBRPartInfoget_ItemSystemInt32', ID = '328'
Method 'SystemStringSystemStringConcatSystemObjectSystemObject', ID = '329'
Method 'SystemVoidCosmosHALBlockDevicePartitionctorCosmosHALBlockDeviceBlockDeviceSystemUInt64SystemUInt64', ID = '331'
Method 'SystemVoidCosmosCoreBaseIOGroupsctor', ID = '336'
Method 'SystemVoidCosmosCoreIOGroupMousector', ID = '337'
Method 'SystemVoidCosmosCoreIOGroupPCSpeakerctor', ID = '339'
Method 'SystemVoidCosmosHALPS2KeyboardInitialize', ID = '341'
Method 'SystemVoidCosmosHALPS2KeyboardUpdateLeds', ID = '342'
Method 'SystemVoidSystemCollectionsGenericList1CosmosHALKeyboardBasector', ID = '343'
Method 'SystemVoidCosmosSystemScanMapsUS_Standardctor', ID = '344'
Method 'SystemVoidSystemCollectionsGenericQueue1CosmosSystemKeyEventctor', ID = '345'
Method 'CosmosSystemKeyMappingSystemCollectionsGenericList1CosmosSystemKeyMappingget_ItemSystemInt32', ID = '350'
Method 'SystemInt32SystemCollectionsGenericList1CosmosSystemKeyMappingget_Count', ID = '352'
Method 'SystemCollectionsGenericList1EnumeratorCosmosHALKeyboardBaseSystemCollectionsGenericList1CosmosHALKeyboardBaseGetEnumerator', ID = '353'
Method 'CosmosHALKeyboardBaseSystemCollectionsGenericList1EnumeratorCosmosHALKeyboardBaseget_Current', ID = '354'
Method 'SystemBooleanSystemCollectionsGenericList1EnumeratorCosmosHALKeyboardBaseMoveNext', ID = '355'
Method 'SystemVoidCosmosHALPowerReboot', ID = '362'
Method 'SystemBooleanCosmosSystemKeyboardManagerget_ShiftPressed', ID = '364'
Method 'CosmosSystemKeyEventCosmosSystemScanMapBaseConvertScanCodeSystemByteSystemBooleanSystemBooleanSystemBooleanSystemBooleanSystemBooleanSystemBoolean', ID = '365'
Method 'SystemVoidSystemCollectionsGenericQueue1CosmosSystemKeyEventEnqueueCosmosSystemKeyEvent', ID = '367'
Method 'SystemVoidSystemNotImplementedExceptionctor', ID = '369'
Method 'SystemVoidSystemCollectionsGenericList1CosmosHALKeyboardBasecctor', ID = '370'
Method 'SystemVoidSystemCollectionsGenericList1CosmosHALKeyboardBaseset_CapacitySystemInt32', ID = '371'
Method 'SystemVoidCosmosCorePlugsAsmCPUImplDoEnableInterrupts', ID = '372'
Method 'SystemVoidCosmosSystemPlugsSystemConsoleImplWriteSystemString', ID = '373'
Method 'SystemStringCosmosSystemPlugsSystemConsoleImplReadLine', ID = '374'
Method 'SystemVoidCosmosSystemPlugsSystemConsoleImplcctor', ID = '378'
Method 'SystemVoidCosmosSystemConsoleUpdateCursor', ID = '381'
Method 'SystemVoidCosmosSystemConsoleWriteCharSystemChar', ID = '382'
Method 'SystemTypeCosmosCorePlugsSystemObjectImplGetType', ID = '386'
Method 'SystemStringCosmosCommonStringHelperGetNumberStringSystemInt32', ID = '389'
Method 'SystemStringCosmosCommonStringHelperGetNumberStringSystemUInt32', ID = '392'
Method 'SystemStringSystemStringConcatSystemStringSystemString', ID = '394'
Method 'SystemVoidCosmosCorePlugsSystemObjectImplcctor', ID = '395'
Method 'SystemVoidCosmosDebugKernelPlugsAsmDebuggerDoSendNumberSystemUInt32', ID = '396'
Method 'SystemUInt32CosmosCorePlugsAsmCPUImplGetEndOfKernel', ID = '397'
Method 'SystemVoidCosmosCorePlugsAsmCPUImplZeroFillSystemUInt32SystemUInt32', ID = '398'
Method 'SystemVoidCosmosCoreMemoryOldHeapcctor', ID = '399'
Method 'SystemVoidCosmosCoreMemoryOldHeapDoInitializeSystemUInt32', ID = '403'
Method 'SystemStringCosmosCorePlugsSystemEnvironmentImplGetResourceStringSystemString', ID = '409'
Method 'SystemStringCosmosSystemPlugsSystemIntPtrImplToString', ID = '410'
Method 'SystemVoidCosmosCoreCommonCPUctor', ID = '411'
Method 'SystemVoidCosmosCoreINTscctor', ID = '412'
Method 'CosmosCorePICCosmosCoreGlobalget_PIC', ID = '414'
Method 'SystemVoidCosmosCorePICEoiSlave', ID = '415'
Method 'SystemVoidCosmosCorePICEoiMaster', ID = '416'
Method 'SystemVoidCosmosCoreINTsHandleExceptionSystemUInt32SystemStringSystemStringCosmosCoreINTsIRQContextSystemUInt32', ID = '417'
Method 'SystemVoidCosmosCorePlugsAsmDelegateImplInvoke', ID = '547'
Method 'SystemVoidCosmosCoreINTsIRQSystemUInt32CosmosCoreINTsIRQContext', ID = '421'
Method 'SystemVoidCosmosCoreCommonIOPortctorSystemUInt16', ID = '424'
Method 'SystemVoidCosmosCoreIOGroupIOGroupctor', ID = '425'
Method 'SystemByteCosmosCoreCommonIOPortget_Byte', ID = '426'
Method 'SystemVoidCosmosCoreCommonIOPortset_ByteSystemByte', ID = '427'
Method 'SystemVoidCosmosCoreCommonIOPortWait', ID = '428'
Method 'SystemVoidCosmosCoreMemoryBlockctorSystemUInt32SystemUInt32', ID = '430'
Method 'SystemVoidCosmosHALTextScreenSetColorsSystemConsoleColorSystemConsoleColor', ID = '433'
Method 'SystemUInt16CosmosHALTextScreenget_Cols', ID = '435'
Method 'SystemUInt16CosmosHALTextScreenget_Rows', ID = '436'
Method 'SystemVoidCosmosHALTextScreenSetCursorSizeSystemInt32', ID = '437'
Method 'SystemVoidCosmosHALTextScreenSetCursorVisibleSystemBoolean', ID = '438'
Method 'SystemVoidCosmosSystemPlugsSystemConsoleImplWriteLine', ID = '439'
Method 'SystemVoidCosmosHALPCIEnumerateDevices', ID = '441'
Method 'SystemVoidCosmosHALBlockDeviceAtactor', ID = '446'
Method 'SystemVoidCosmosCoreCommonIOPortWriteset_ByteSystemByte', ID = '447'
Method 'CosmosHALBlockDeviceAtaPioSpecLevelCosmosHALBlockDeviceAtaPioDiscoverDrive', ID = '448'
Method 'SystemVoidCosmosHALBlockDeviceAtaPioInitDrive', ID = '449'
Method 'SystemVoidCosmosHALBlockDeviceBlockDevicecctor', ID = '451'
Method 'SystemVoidSystemCollectionsGenericList1CosmosHALBlockDeviceBlockDeviceEnsureCapacitySystemInt32', ID = '453'
Method 'SystemVoidCosmosHALBlockDeviceAtacctor', ID = '454'
Method 'SystemStringCosmosHALBlockDeviceAtaToString', ID = '455'
Method 'SystemVoidCosmosHALBlockDeviceAtaPioReadBlockSystemUInt64SystemUInt64SystemBytearray', ID = '458'
Method 'SystemVoidSystemCollectionsGenericList1CosmosHALBlockDeviceMBRPartInfoctor', ID = '459'
Method 'SystemVoidCosmosHALBlockDeviceMBRParsePartitionSystemBytearraySystemUInt32', ID = '460'
Method 'SystemVoidSystemCollectionsGenericList1CosmosHALBlockDeviceEBRPartInfoctor', ID = '461'
Method 'SystemVoidCosmosHALBlockDeviceEBRParsePartitionSystemBytearraySystemUInt32', ID = '462'
Method 'SystemVoidSystemThrowHelperThrowArgumentOutOfRangeException', ID = '466'
Method 'SystemVoidCosmosHALBlockDeviceBlockDevicector', ID = '468'
Method 'SystemUInt64CosmosHALBlockDeviceBlockDeviceget_BlockSize', ID = '469'
Method 'SystemVoidCosmosCoreIOGroupKeyboardctor', ID = '470'
Method 'SystemVoidCosmosCoreIOGroupPITctor', ID = '471'
Method 'SystemVoidCosmosCoreIOGroupATActorSystemBoolean', ID = '472'
Method 'SystemVoidCosmosCoreIOGroupRTCctor', ID = '473'
Method 'SystemVoidCosmosCoreIOGroupVBEctor', ID = '474'
Method 'SystemVoidCosmosHALPS2KeyboardHandleIRQCosmosCoreINTsIRQContext', ID = '477'
Method 'SystemVoidCosmosCorePlugsAsmDelegateImplCtorSystemObjectSystemIntPtr', ID = '189'
Method 'SystemVoidCosmosCoreINTsSetIrqHandlerSystemByteCosmosCoreINTsIRQDelegate', ID = '479'
Method 'SystemVoidCosmosSystemScanMapBasector', ID = '482'
Method 'CosmosSystemKeyEventarraySystemArrayEmptyCosmosSystemKeyEvent', ID = '484'
Method 'SystemStringCosmosSystemPlugsSystemByteImplToString', ID = '485'
Method 'SystemVoidSystemCollectionsGenericList1EnumeratorCosmosHALKeyboardBasectorSystemCollectionsGenericList1CosmosHALKeyboardBase', ID = '487'
Method 'SystemBooleanSystemCollectionsGenericList1EnumeratorCosmosHALKeyboardBaseMoveNextRare', ID = '488'
Method 'SystemVoidSystemCollectionsGenericList1EnumeratorCosmosHALKeyboardBaseDispose', ID = '490'
Method 'CosmosCoreCommonCPUCosmosCoreGlobalget_CPU', ID = '492'
Method 'SystemVoidCosmosCoreCommonCPUReboot', ID = '493'
Method 'SystemVoidCosmosSystemKeyEventctor', ID = '494'
Method 'SystemConsoleModifiersCosmosSystemKeyEventget_Modifiers', ID = '495'
Method 'SystemVoidCosmosSystemKeyEventset_ModifiersSystemConsoleModifiers', ID = '496'
Method 'SystemVoidCosmosSystemKeyEventset_TypeCosmosSystemKeyEventKeyEventType', ID = '497'
Method 'SystemVoidCosmosSystemKeyEventset_KeyCharSystemChar', ID = '498'
Method 'SystemVoidCosmosSystemKeyEventset_KeyCosmosSystemConsoleKeyEx', ID = '499'
Method 'SystemVoidSystemCollectionsGenericQueue1CosmosSystemKeyEventSetCapacitySystemInt32', ID = '500'
Method 'SystemVoidSystemCollectionsGenericQueue1CosmosSystemKeyEventMoveNextSystemInt32', ID = '501'
Method 'SystemVoidSystemThrowHelperThrowArgumentOutOfRangeExceptionSystemExceptionArgumentSystemExceptionResource', ID = '502'
Method 'SystemVoidSystemArrayCopySystemArraySystemInt32SystemArraySystemInt32SystemInt32', ID = '503'
Method 'SystemVoidSystemCollectionsGenericList1SystemCharctorSystemInt32', ID = '504'
Method 'CosmosSystemConsoleKeyExCosmosSystemKeyEventget_Key', ID = '505'
Method 'SystemInt32CosmosSystemConsoleget_X', ID = '506'
Method 'SystemVoidSystemCollectionsGenericList1SystemCharRemoveAtSystemInt32', ID = '507'
Method 'SystemVoidCosmosSystemConsoleset_XSystemInt32', ID = '508'
Method 'SystemCharSystemCollectionsGenericList1SystemCharget_ItemSystemInt32', ID = '509'
Method 'SystemVoidCosmosSystemPlugsSystemConsoleImplWriteSystemChar', ID = '510'
Method 'SystemInt32SystemCollectionsGenericList1SystemCharget_Count', ID = '511'
Method 'SystemCharCosmosSystemKeyEventget_KeyChar', ID = '512'
Method 'SystemVoidSystemCollectionsGenericList1SystemCharAddSystemChar', ID = '513'
Method 'SystemVoidSystemCollectionsGenericList1SystemCharctor', ID = '514'
Method 'CosmosSystemKeyEventCosmosSystemKeyboardManagerReadKey', ID = '515'
Method 'SystemChararraySystemCollectionsGenericList1SystemCharToArray', ID = '516'
Method 'SystemCharCosmosCorePlugsSystemStringImplget_CharsSystemInt32SystemCharpointer', ID = '521'
Method 'SystemInt32CosmosCorePlugsSystemStringImplget_LengthSystemInt32', ID = '524'
Method 'SystemVoidCosmosHALTextScreenScrollUp', ID = '525'
Method 'SystemStringSystemArgumentOutOfRangeExceptionget_Message', ID = '530'
Method 'SystemStringSystemArgumentExceptionget_Message', ID = '531'
Method 'SystemStringCosmosCorePlugsSystemExceptionImplget_Message', ID = '532'
Method 'SystemBooleanSystemStringIsNullOrEmptySystemString', ID = '533'
Method 'SystemVoidSystemStringFillStringCheckedSystemStringSystemInt32SystemString', ID = '535'
Method 'SystemVoidCosmosCorePlugsAsmCPUImplDoDisableInterrupts', ID = '536'
Method 'SystemUInt32CosmosCorePlugsAsmCPUImplGetAmountOfRAM', ID = '537'
Method 'SystemVoidSystemEnvironmentcctor', ID = '539'
Method 'SystemStringCosmosCorePlugsSystemEnvironmentImplGetResourceFromDefaultSystemString', ID = '541'
Method 'SystemVoidCosmosCoreINTsPutErrorCharSystemInt32SystemInt32SystemChar', ID = '545'
Method 'SystemVoidCosmosCoreINTsPutErrorStringSystemInt32SystemInt32SystemString', ID = '546'
Method 'SystemVoidCosmosCoreCommonIOPortBasectorSystemUInt16', ID = '549'
Method 'SystemVoidCosmosCoreMemoryBlock08ctorSystemUInt32SystemUInt32', ID = '553'
Method 'SystemVoidCosmosCoreMemoryBlock16ctorSystemUInt32SystemUInt32', ID = '554'
Method 'SystemVoidCosmosCoreMemoryBlock32ctorSystemUInt32SystemUInt32', ID = '555'
Method 'SystemVoidCosmosHALPCIcctor', ID = '557'
Method 'SystemVoidSystemCollectionsGenericList1CosmosHALPCIDevicector', ID = '558'
Method 'SystemStringCosmosSystemPlugsSystemEnumImplToString', ID = '560'
Method 'SystemVoidCosmosHALBlockDeviceAtaPiocctor', ID = '561'
Method 'SystemStringCosmosHALBlockDeviceAtaPioToString', ID = '562'
Method 'SystemVoidCosmosHALBlockDeviceAtaPioSelectDriveSystemByte', ID = '564'
Method 'CosmosHALBlockDeviceAtaPioStatusCosmosHALBlockDeviceAtaPioSendCmdCosmosHALBlockDeviceAtaPioCmdSystemBoolean', ID = '565'
Method 'CosmosHALBlockDeviceAtaPioStatusCosmosHALBlockDeviceAtaPioSendCmdCosmosHALBlockDeviceAtaPioCmd', ID = '566'
Method 'SystemVoidCosmosCoreCommonIOPortBaseRead16SystemUInt16array', ID = '567'
Method 'SystemStringCosmosHALBlockDeviceAtaPioGetStringSystemUInt16arraySystemInt32SystemInt32', ID = '568'
Method 'SystemVoidSystemCollectionsGenericList1CosmosHALBlockDeviceBlockDevicector', ID = '569'
Method 'SystemVoidSystemCollectionsGenericList1CosmosHALBlockDeviceBlockDevicecctor', ID = '570'
Method 'SystemVoidSystemCollectionsGenericList1CosmosHALBlockDeviceBlockDeviceset_CapacitySystemInt32', ID = '571'
Method 'SystemVoidCosmosHALBlockDeviceBlockDeviceCheckDataSizeSystemBytearraySystemUInt64', ID = '573'
Method 'SystemVoidCosmosHALBlockDeviceAtaPioSelectSectorSystemUInt64SystemUInt64', ID = '574'
Method 'SystemVoidCosmosCoreCommonIOPortBaseRead8SystemBytearray', ID = '575'
Method 'SystemUInt32CosmosCommonExtensionsByteConverterToUInt32SystemBytearraySystemUInt64', ID = '577'
Method 'SystemVoidCosmosHALBlockDeviceMBRPartInfoctorSystemByteSystemUInt32SystemUInt32', ID = '578'
Method 'SystemVoidSystemCollectionsGenericList1CosmosHALBlockDeviceMBRPartInfoAddCosmosHALBlockDeviceMBRPartInfo', ID = '579'
Method 'SystemVoidCosmosHALBlockDeviceEBRPartInfoctorSystemByteSystemUInt32SystemUInt32', ID = '581'
Method 'SystemVoidSystemCollectionsGenericList1CosmosHALBlockDeviceEBRPartInfoAddCosmosHALBlockDeviceEBRPartInfo', ID = '582'
Method 'SystemVoidSystemCollectionsGenericList1CosmosHALBlockDeviceEBRPartInfocctor', ID = '583'
Method 'SystemVoidSystemCollectionsGenericList1CosmosHALBlockDeviceMBRPartInfocctor', ID = '584'
Method 'SystemVoidCosmosDebugKernelPlugsAsmDebuggerDoSendNumberSystemInt32', ID = '585'
Method 'SystemStringCosmosHALBlockDevicePartitionToString', ID = '587'
Method 'SystemVoidCosmosHALBlockDevicePartitionReadBlockSystemUInt64SystemUInt64SystemBytearray', ID = '588'
Method 'SystemVoidCosmosCoreCommonIOPortWritectorSystemUInt16', ID = '591'
Method 'SystemUInt16CosmosCoreIOGroupATAGetBAR0SystemBoolean', ID = '592'
Method 'SystemUInt16CosmosCoreIOGroupATAGetBAR1SystemBoolean', ID = '593'
Method 'SystemVoidCosmosCoreCommonIOPortWritectorSystemUInt16SystemUInt16', ID = '594'
Method 'SystemVoidCosmosCoreCommonIOPortctorSystemUInt16SystemUInt16', ID = '595'
Method 'SystemVoidCosmosCoreCommonIOPortReadctorSystemUInt16SystemUInt16', ID = '596'
Method 'SystemVoidCosmosCorePlugsAsmDelegateImplInvoke', ID = '547'
Method 'SystemVoidCosmosCoreINTsSetIntHandlerSystemByteCosmosCoreINTsIRQDelegate', ID = '600'
Method 'SystemVoidSystemCollectionsGenericList1CosmosSystemKeyMappingcctor', ID = '607'
Method 'SystemVoidSystemThrowHelperThrowInvalidOperationExceptionSystemExceptionResource', ID = '608'
Method 'SystemStringSystemThrowHelperGetArgumentNameSystemExceptionArgument', ID = '614'
Method 'SystemStringSystemThrowHelperGetResourceNameSystemExceptionResource', ID = '615'
Method 'SystemVoidSystemArgumentOutOfRangeExceptionctorSystemStringSystemString', ID = '616'
Method 'SystemVoidSystemCollectionsGenericList1SystemCharEnsureCapacitySystemInt32', ID = '620'
Method 'SystemVoidCosmosHALKeyboardBaseWaitForKey', ID = '621'
Method 'SystemInt32SystemCollectionsGenericQueue1CosmosSystemKeyEventget_Count', ID = '622'
Method 'CosmosSystemKeyEventSystemCollectionsGenericQueue1CosmosSystemKeyEventDequeue', ID = '623'
Method 'SystemVoidCosmosCorePlugsSystemStringImplCtorSystemChararraySystemStringSystemInt32SystemCharpointer', ID = '625'
Method 'SystemVoidSystemCharcctor', ID = '626'
Method 'SystemStringSystemCharToString', ID = '627'
Method 'SystemVoidCosmosHALTextScreenSetCursorPosSystemInt32SystemInt32', ID = '631'
Method 'SystemVoidCosmosHALTextScreenset_ItemSystemInt32SystemInt32SystemChar', ID = '632'
Method 'SystemVoidCosmosCoreMemoryBlockMoveDownSystemUInt32SystemUInt32SystemUInt32', ID = '633'
Method 'SystemVoidCosmosCoreMemoryBlockFillSystemUInt32SystemUInt32SystemUInt16', ID = '634'
Method 'SystemVoidCosmosSystemPlugsSystemTypeImplCCtor', ID = '635'
Method 'SystemStringCosmosSystemPlugsSystemTypeImplToString', ID = '636'
Method 'SystemVoidCosmosCommonStringHelpercctor', ID = '637'
Method 'SystemStringSystemEnvironmentGetResourceStringSystemStringSystemObjectarray', ID = '638'
Method 'SystemStringSystemEnvironmentget_NewLine', ID = '639'
Method 'SystemStringSystemStringConcatSystemStringSystemStringSystemString', ID = '640'
Method 'SystemStringCosmosCorePlugsSystemStringImplFastAllocateStringSystemInt32', ID = '641'
Method 'SystemVoidSystemIndexOutOfRangeExceptionctor', ID = '642'
Method 'SystemVoidSystemStringwstrcpySystemCharpointerSystemCharpointerSystemInt32', ID = '643'
Method 'SystemBooleanSystemStringop_EqualitySystemStringSystemString', ID = '644'
Method 'SystemByteCosmosCorePlugsAsmIOPortImplRead8SystemUInt16', ID = '645'
Method 'SystemVoidCosmosCorePlugsAsmIOPortImplWrite8SystemUInt16SystemByte', ID = '646'
Method 'SystemStringCosmosSystemPlugsSystemUInt16ImplToString', ID = '650'
Method 'SystemVoidCosmosHALBlockDeviceAtaPioWait', ID = '656'
Method 'SystemByteCosmosCoreCommonIOPortReadget_Byte', ID = '659'
Method 'SystemVoidCosmosHALBlockDeviceAtaPioDebugSystemString', ID = '660'
Method 'SystemVoidCosmosHALBlockDeviceAtaPioDebugHexSystemStringSystemUInt32', ID = '661'
Method 'SystemStringCosmosSystemPlugsSystemUInt64ImplToString', ID = '665'
Method 'SystemVoidCosmosHALBlockDeviceBlockDeviceCheckBlockNoSystemUInt64SystemUInt64', ID = '666'
Method 'SystemVoidCosmosCoreCommonIOPortWriteset_WordSystemUInt16', ID = '667'
Method 'SystemVoidSystemCollectionsGenericList1CosmosHALBlockDeviceMBRPartInfoEnsureCapacitySystemInt32', ID = '669'
Method 'SystemVoidSystemCollectionsGenericList1CosmosHALBlockDeviceEBRPartInfoEnsureCapacitySystemInt32', ID = '671'
Method 'SystemVoidCosmosCoreCommonIOPortBasectorSystemUInt16SystemUInt16', ID = '672'
Method 'SystemVoidCosmosSystemScanMapsUS_StandardInitKeys', ID = '674'
Method 'SystemVoidEmptyArray1CosmosSystemKeyEventcctor', ID = '675'
Method 'SystemVoidCosmosCorePlugsAsmCPUImplHalt', ID = '677'
Method 'SystemVoidCosmosCorePlugsAsmArrayImplCopySystemArraySystemInt32SystemArraySystemInt32SystemInt32SystemBoolean', ID = '678'
Method 'SystemVoidSystemCollectionsGenericList1SystemCharcctor', ID = '679'
Method 'SystemVoidSystemCollectionsGenericList1SystemCharset_CapacitySystemInt32', ID = '680'
Method 'SystemStringSystemSRget_InvalidOperation_EmptyQueue', ID = '681'
Method 'SystemVoidCosmosCorePlugsAsmRuntimeHelpersImplInitializeArraySystemArraySystemRuntimeFieldHandle', ID = '685'
Method 'SystemStringSystemCharToStringSystemChar', ID = '687'
Method 'SystemVoidCosmosCorePlugsSystemStringImplcctor', ID = '688'
Method 'SystemVoidCosmosCoreMemoryBlock08set_ItemSystemUInt32SystemByte', ID = '689'
Method 'SystemVoidCosmosCoreMemoryOperationsFillSystemUInt16pointerSystemUInt16SystemInt32', ID = '690'
Method 'SystemVoidSystemBufferMemcpySystemBytepointerSystemBytepointerSystemInt32', ID = '696'
Method 'SystemBooleanSystemStringEqualsSystemStringSystemString', ID = '697'
Method 'SystemVoidSystemCollectionsGenericList1CosmosHALPCIDevicecctor', ID = '701'
Method 'SystemUInt16CosmosCorePlugsAsmIOPortImplRead16SystemUInt16', ID = '702'
Method 'SystemStringCosmosCommonStringHelperGetNumberStringSystemUInt64', ID = '705'
Method 'SystemVoidSystemCollectionsGenericList1CosmosHALBlockDeviceMBRPartInfoset_CapacitySystemInt32', ID = '707'
Method 'SystemVoidSystemCollectionsGenericList1CosmosHALBlockDeviceEBRPartInfoset_CapacitySystemInt32', ID = '708'
Method 'SystemVoidSystemCollectionsGenericList1CosmosSystemKeyMappingctorSystemInt32', ID = '709'
Method 'SystemVoidCosmosSystemKeyMappingctorSystemByteCosmosSystemConsoleKeyEx', ID = '710'
Method 'SystemVoidSystemCollectionsGenericList1CosmosSystemKeyMappingAddCosmosSystemKeyMapping', ID = '711'
Method 'SystemVoidCosmosSystemKeyMappingctorSystemByteSystemCharSystemCharSystemCharSystemCharSystemCharSystemCharCosmosSystemConsoleKeyEx', ID = '712'
Method 'SystemVoidCosmosSystemKeyMappingctorSystemByteSystemCharCosmosSystemConsoleKeyEx', ID = '713'
Method 'SystemVoidCosmosSystemKeyMappingctorSystemByteSystemCharSystemCharSystemCharSystemCharSystemCharSystemCharCosmosSystemConsoleKeyExCosmosSystemConsoleKeyEx', ID = '714'
Method 'SystemStringSystemSRGetResourceStringSystemStringSystemString', ID = '717'
Method 'SystemGlobalizationCultureInfoCosmosCorePlugsSystemGlobalizationCultureInfoImplget_CurrentCulture', ID = '727'
Method 'SystemStringCosmosCorePlugsSystemStringImplFormatSystemIFormatProviderSystemStringSystemObjectarray', ID = '729'
Method 'SystemVoidSystemBufferMemmoveSystemBytepointerSystemBytepointerSystemUInt32', ID = '732'
Method 'SystemVoidCosmosCorePlugsAsmIOPortImplWrite16SystemUInt16SystemUInt16', ID = '735'
Method 'SystemVoidSystemCollectionsGenericList1CosmosSystemKeyMappingEnsureCapacitySystemInt32', ID = '736'
Method 'SystemVoidCosmosSystemKeyMappingctorSystemByteSystemCharSystemCharSystemCharSystemCharSystemCharSystemCharSystemCharSystemCharSystemCharSystemCharCosmosSystemConsoleKeyEx', ID = '737'
Method 'SystemVoidCosmosSystemKeyMappingctorSystemByteSystemCharSystemCharSystemCharSystemCharSystemCharSystemCharSystemCharCosmosSystemConsoleKeyExCosmosSystemConsoleKeyEx', ID = '738'
Method 'SystemResourcesResourceManagerSystemSRget_ResourceManager', ID = '739'
Method 'SystemVoidCosmosCorePlugsSystemStringImplCtorSystemCharSystemInt32SystemStringSystemInt32SystemCharpointer', ID = '743'
Method 'SystemVoidCosmosCorePlugsMemoryOperationsMemoryOperationsImplFillSystemBytepointerSystemInt32SystemInt32', ID = '744'
Method 'SystemStringSystemGlobalizationCultureInfoToString', ID = '746'
Method 'SystemVoidSystemArgumentNullExceptionctorSystemString', ID = '748'
Method 'SystemStringCosmosCorePlugsSystemStringImplFormatHelperSystemIFormatProviderSystemStringSystemObjectarray', ID = '749'
Method 'SystemVoidSystemBuffer_MemmoveSystemBytepointerSystemBytepointerSystemUInt32', ID = '750'
Method 'SystemBooleanCosmosCorePlugsSystemStringImplEqualsHelperSystemStringSystemString', ID = '751'
Method 'SystemVoidSystemCollectionsGenericList1CosmosSystemKeyMappingset_CapacitySystemInt32', ID = '752'
Method 'SystemVoidCosmosSystemKeyMappingctorSystemByteSystemCharSystemCharSystemCharSystemCharSystemCharSystemCharSystemCharSystemCharSystemCharSystemCharCosmosSystemConsoleKeyExCosmosSystemConsoleKeyEx', ID = '753'
Method 'SystemTypeSystemSRget_ResourceType', ID = '756'
Method 'SystemStringCosmosCorePlugsSystemResourcesResourceManagerImplGetStringSystemString', ID = '758'
Method 'SystemBooleanCosmosCorePlugsSystemStringImplEqualsSystemStringSystemStringComparison', ID = '760'
Method 'SystemVoidCosmosCorePlugsSystemGlobalizationCultureInfoImplCCtor', ID = '763'
Method 'SystemVoidSystemFormatExceptionctorSystemString', ID = '766'
Method 'SystemStringSystemStringSubstringSystemInt32SystemInt32', ID = '767'
Method 'SystemInt32CosmosCommonStringHelperGetStringToNumberSystemString', ID = '768'
Method 'SystemBooleanSystemCharIsDigitSystemChar', ID = '769'
Method 'SystemVoidCosmosCorePlugsSystemResourcesResourceManagerImplCtorSystemType', ID = '775'
Method 'SystemStringSystemStringToLower', ID = '777'
Method 'SystemVoidCosmosCorePlugsMemoryOperationsMemoryOperationsImplFill16BlocksSystemBytepointerSystemInt32SystemInt32', ID = '778'
Method 'SystemChararrayCosmosCorePlugsSystemStringImplToCharArray', ID = '779'
Method 'SystemStringSystemStringInternalSubStringSystemInt32SystemInt32', ID = '781'
Method 'SystemBooleanSystemStringIsNullOrWhiteSpaceSystemString', ID = '782'
Method 'SystemBooleanSystemCharIsLatin1SystemChar', ID = '783'
Method 'SystemGlobalizationUnicodeCategorySystemGlobalizationCharUnicodeInfoGetUnicodeCategorySystemChar', ID = '784'
Method 'SystemVoidCosmosCorePlugsSystemBufferImpl__MemmoveSystemBytepointerSystemBytepointerSystemUInt32', ID = '785'
Method 'SystemInt32CosmosCorePlugsSystemStringImplCompareToSystemString', ID = '786'
Method 'SystemVoidCosmosCorePlugsSystemResourcesResourceManagerImplCCtor', ID = '787'
Method 'SystemTypeCosmosSystemPlugsSystemTypeImplGetTypeFromHandleSystemRuntimeTypeHandle', ID = '789'
Method 'SystemBooleanSystemCharIsWhiteSpaceSystemChar', ID = '791'
Method 'SystemGlobalizationUnicodeCategorySystemGlobalizationCharUnicodeInfoInternalGetUnicodeCategorySystemInt32', ID = '794'
Method 'SystemStringCosmosCorePlugsSystemStringImplToLowerSystemGlobalizationCultureInfo', ID = '796'
Method 'SystemBooleanSystemCharIsWhiteSpaceLatin1SystemChar', ID = '797'
Method 'SystemBooleanSystemGlobalizationCharUnicodeInfoIsWhiteSpaceSystemChar', ID = '798'
Method 'SystemVoidSystemGlobalizationCharUnicodeInfocctor', ID = '799'
Method 'SystemByteSystemGlobalizationCharUnicodeInfoInternalGetCategoryValueSystemInt32SystemInt32', ID = '800'
Method 'SystemStringCosmosCorePlugsSystemStringImplChangeCasingSystemStringSystemInt32SystemInt32SystemInt32', ID = '801'
Method 'SystemBooleanCosmosCorePlugsSystemCharUnicodeInfoImplInitTable', ID = '806'
